<?xml version="1.0" encoding="UTF-8"?>
<testsuite name="tourGuide.TestPerformance" tests="1" skipped="0" failures="0" errors="0" timestamp="2023-05-05T15:27:48" hostname="dellebonnemay" time="79.881">
  <properties/>
  <testcase name="highVolumeTrackLocation" classname="tourGuide.TestPerformance" time="79.881"/>
  <system-out><![CDATA[17:27:48.315 [Test worker] INFO tourGuide.service.TourGuideService - TestMode enabled
17:27:48.330 [Test worker] DEBUG tourGuide.service.TourGuideService - Initializing users
17:27:48.643 [Test worker] DEBUG tourGuide.service.TourGuideService - Created 1000 internal test users.
17:27:48.644 [Test worker] DEBUG tourGuide.service.TourGuideService - Finished initializing users
17:27:48.658 [pool-3-thread-1] DEBUG tourGuide.tracker.Tracker - Begin Tracker. Tracking 1000 users.
17:29:06.038 [pool-3-thread-1] DEBUG tourGuide.tracker.Tracker - Tracker Time Elapsed: 77 seconds.
17:29:06.038 [pool-3-thread-1] DEBUG tourGuide.tracker.Tracker - Tracker sleeping
highVolumeTrackLocation: Time Elapsed: 79 seconds.
]]></system-out>
  <system-err><![CDATA[May 05, 2023 5:27:48 PM org.javamoney.moneta.DefaultMonetaryContextFactory createMonetaryContextNonNullConfig
INFO: Using custom MathContext: precision=256, roundingMode=HALF_EVEN
]]></system-err>
</testsuite>
